0.000 ID= 0 Q= 1 Work           4
0.000 ID= 0 Q= 2 Work           2
0.000 ID= 0 Q= 3 Work           1
0.000 ID= 0 Q= 4 Work           1
0.000 ID= 1      Ask           
0.000 ID= 1 Q= 3 Work           4
0.000 ID= 2      Ask           
0.000 ID= 2 Q= 2 Work           2
0.000 ID= 3      Ask           
0.000 ID= 3 Q= 1 Work           1
0.000 ID= 3      Complete       1
0.000 ID= 3      Ask           
0.000 ID= 3 Q= 0 Work           1
0.000 ID= 3      Complete       1
0.000 ID= 3      Ask           
0.000 ID= 2      Complete       2
0.000 ID= 2      Ask           
0.000 ID= 1      Complete       4
0.000 ID= 1      Ask           
0.000 ID= 0      Sleep          1
0.000 ID= 0 Q= 1 Work           5
0.000 ID= 3 Q= 0 Work           5
0.000 ID= 3      Complete       5
0.000 ID= 3      Ask           
0.000 ID= 0      Sleep          1
0.000 ID= 0 Q= 1 Work           1
0.000 ID= 0 Q= 2 Work           1
0.000 ID= 0 Q= 3 Work           1
0.100 ID= 0      End           
0.000 ID= 2 Q= 5 Work           1
0.000 ID= 2      Complete       1
0.000 ID= 2      Ask           
0.000 ID= 2 Q= 4 Work           1
0.000 ID= 2      Complete       1
0.000 ID= 2      Ask           
0.000 ID= 2 Q= 3 Work           1
0.000 ID= 2      Complete       1
0.000 ID= 2      Ask           
Summary: 
    Work          8
    Ask           11
    Receive       8
    Complete      8
    Sleep         2
    Thread  1      1
    Thread  2      4
    Thread  3      3
